<?xml version="1.0" encoding="UTF-8"?>
<!-- Generated by org.testng.reporters.JUnitXMLReporter -->
<testsuite hostname="DESKTOP-GNDD2VC" ignored="0" tests="1" failures="0" timestamp="02 Feb 2021 20:24:04 GMT" time="0.015" errors="0">
  <testcase name="@BeforeTest setUp" time="0.007" classname="magicLeap">
    <failure type="java.lang.NumberFormatException" message="null">
      <![CDATA[java.lang.NumberFormatException: null
at java.lang.Integer.parseInt(Unknown Source)
at java.lang.Integer.parseInt(Unknown Source)
at magicLeap.setUp(magicLeap.java:82)
at java.util.concurrent.FutureTask.run(Unknown Source)
at java.util.concurrent.ThreadPoolExecutor.runWorker(Unknown Source)
at java.util.concurrent.ThreadPoolExecutor$Worker.run(Unknown Source)
at java.lang.Thread.run(Unknown Source)
... Removed 15 stack frames]]>
    </failure>
  </testcase> <!-- @BeforeTest setUp -->
  <testcase name="@AfterTest tearDown" time="0.0" classname="magicLeap">
    <skipped/>
  </testcase> <!-- @AfterTest tearDown -->
  <testcase name="DesktopScript" time="0.0" classname="magicLeap">
    <skipped/>
  </testcase> <!-- DesktopScript -->
</testsuite>
